<?xml version="1.0" encoding="UTF-8"?>
<!-- Generated by org.testng.reporters.JUnitReportReporter -->
<testsuite hostname="Umang8267" failures="0" tests="1" name="TestCases.RegisterUser" time="7.812" errors="0" timestamp="2025-01-16T23:21:44 IST" skipped="0">
  <testcase classname="TestCases.RegisterUser" name="RegisteerUSer" time="7.812"/>
  <system-out/>
</testsuite> <!-- TestCases.RegisterUser -->
