<?xml version="1.0" encoding="UTF-8"?>
<!-- Generated by org.testng.reporters.JUnitReportReporter -->
<testsuite hostname="Umang8267" failures="0" tests="1" name="TestCases.SearchDoctor" time="13.734" errors="0" timestamp="2025-01-16T22:27:28 IST" skipped="0">
  <testcase classname="TestCases.SearchDoctor" name="SearchDoc" time="13.734"/>
  <system-out/>
</testsuite> <!-- TestCases.SearchDoctor -->
