<?xml version="1.0" encoding="UTF-8"?>
<!-- Generated by org.testng.reporters.JUnitReportReporter -->
<testsuite hostname="Umang8267" failures="0" tests="1" name="TestCases.BookDoctorAppointment" time="12.755" errors="0" timestamp="2025-01-16T21:24:17 IST" skipped="0">
  <testcase classname="TestCases.BookDoctorAppointment" name="BookAppointment" time="12.755"/>
  <system-out/>
</testsuite> <!-- TestCases.BookDoctorAppointment -->
