<?xml version="1.0" encoding="UTF-8"?>
<!-- Generated by org.testng.reporters.JUnitReportReporter -->
<testsuite hostname="Umang8267" failures="0" tests="1" name="TestCases.ResetPassword" time="5.083" errors="0" timestamp="2025-01-19T14:38:37 IST" skipped="0">
  <testcase classname="TestCases.ResetPassword" name="resetPasswordbeforeLogin" time="5.083"/>
  <system-out/>
</testsuite> <!-- TestCases.ResetPassword -->
