<?xml version="1.0" encoding="UTF-8"?>
<!-- Generated by org.testng.reporters.JUnitReportReporter -->
<testsuite hostname="Umang8267" failures="0" tests="1" name="TestCases.Login" time="8.439" errors="0" timestamp="2025-01-18T11:09:42 IST" skipped="0">
  <testcase classname="TestCases.Login" name="resetpass" time="8.439"/>
  <system-out/>
</testsuite> <!-- TestCases.Login -->
